<?xml version="1.0" encoding="UTF-8"?>
<!-- Generated by org.testng.reporters.JUnitReportReporter -->
<testsuite skipped="0" hostname="DESKTOP-812TJVQ" name="basePakage.TestCaseClass" tests="1" failures="0" timestamp="2019-09-30T16:13:59 CDT" time="54.211" errors="0">
  <testcase name="fifthTestCase" time="54.211" classname="basePakage.TestCaseClass"/>
</testsuite> <!-- basePakage.TestCaseClass -->
