<?xml version="1.0" encoding="UTF-8"?>
<!-- Generated by org.testng.reporters.JUnitReportReporter -->
<testsuite skipped="4" hostname="DESKTOP-812TJVQ" name="basePakage.TestCaseClass" tests="5" failures="0" timestamp="2019-09-30T22:11:25 CDT" time="46.548" errors="0">
  <testcase name="fifthTestCase" time="46.548" classname="basePakage.TestCaseClass"/>
  <testcase name="firstTestCase" classname="basePakage.TestCaseClass">
    <skipped/>
  </testcase> <!-- firstTestCase -->
  <testcase name="secondTestCase" classname="basePakage.TestCaseClass">
    <skipped/>
  </testcase> <!-- secondTestCase -->
  <testcase name="ThirdTestCase" classname="basePakage.TestCaseClass">
    <skipped/>
  </testcase> <!-- ThirdTestCase -->
  <testcase name="fourthTestCase" classname="basePakage.TestCaseClass">
    <skipped/>
  </testcase> <!-- fourthTestCase -->
</testsuite> <!-- basePakage.TestCaseClass -->
